Flow report for 201553245ass2
Wed May 09 20:04:59 2018
Quartus II 64-Bit Version 12.1 Build 177 11/07/2012 SJ Web Edition


---------------------
; Table of Contents ;
---------------------
  1. Legal Notice
  2. Flow Summary
  3. Flow Settings
  4. Flow Non-Default Global Settings
  5. Flow Elapsed Time
  6. Flow OS Summary
  7. Flow Log



----------------
; Legal Notice ;
----------------
Copyright (C) 1991-2012 Altera Corporation
Your use of Altera Corporation's design tools, logic functions 
and other software and tools, and its AMPP partner logic 
functions, and any output files from any of the foregoing 
(including device programming or simulation files), and any 
associated documentation or information are expressly subject 
to the terms and conditions of the Altera Program License 
Subscription Agreement, Altera MegaCore Function License 
Agreement, or other applicable license agreement, including, 
without limitation, that your use is for the sole purpose of 
programming logic devices manufactured by Altera and sold by 
Altera or its authorized distributors.  Please refer to the 
applicable agreement for further details.



+-------------------------------------------------------------------------------+
; Flow Summary                                                                  ;
+------------------------------------+------------------------------------------+
; Flow Status                        ; Successful - Wed May 09 20:04:59 2018    ;
; Quartus II 64-Bit Version          ; 12.1 Build 177 11/07/2012 SJ Web Edition ;
; Revision Name                      ; 201553245ass2                            ;
; Top-level Entity Name              ; TOP_LEVEL                                ;
; Family                             ; Cyclone II                               ;
; Device                             ; EP2C20F484C6                             ;
; Timing Models                      ; Final                                    ;
; Total logic elements               ; 996 / 18,752 ( 5 % )                     ;
;     Total combinational functions  ; 994 / 18,752 ( 5 % )                     ;
;     Dedicated logic registers      ; 68 / 18,752 ( < 1 % )                    ;
; Total registers                    ; 68                                       ;
; Total pins                         ; 47 / 315 ( 15 % )                        ;
; Total virtual pins                 ; 0                                        ;
; Total memory bits                  ; 0 / 239,616 ( 0 % )                      ;
; Embedded Multiplier 9-bit elements ; 8 / 52 ( 15 % )                          ;
; Total PLLs                         ; 0 / 4 ( 0 % )                            ;
+------------------------------------+------------------------------------------+


+-----------------------------------------+
; Flow Settings                           ;
+-------------------+---------------------+
; Option            ; Setting             ;
+-------------------+---------------------+
; Start date & time ; 05/09/2018 20:04:17 ;
; Main task         ; Compilation         ;
; Revision Name     ; 201553245ass2       ;
+-------------------+---------------------+


+----------------------------------------------------------------------------------------------------------------------------+
; Flow Non-Default Global Settings                                                                                           ;
+-------------------------------------+---------------------------------------+---------------+-------------+----------------+
; Assignment Name                     ; Value                                 ; Default Value ; Entity Name ; Section Id     ;
+-------------------------------------+---------------------------------------+---------------+-------------+----------------+
; COMPILER_SIGNATURE_ID               ; 141317081531523.152588545609764       ; --            ; --          ; --             ;
; EDA_OUTPUT_DATA_FORMAT              ; Vhdl                                  ; --            ; --          ; eda_simulation ;
; EDA_SIMULATION_TOOL                 ; ModelSim-Altera (VHDL)                ; <None>        ; --          ; --             ;
; MAX_CORE_JUNCTION_TEMP              ; 85                                    ; --            ; --          ; --             ;
; MIN_CORE_JUNCTION_TEMP              ; 0                                     ; --            ; --          ; --             ;
; PARTITION_COLOR                     ; 16764057                              ; --            ; TOP_LEVEL   ; Top            ;
; PARTITION_FITTER_PRESERVATION_LEVEL ; PLACEMENT_AND_ROUTING                 ; --            ; TOP_LEVEL   ; Top            ;
; PARTITION_NETLIST_TYPE              ; SOURCE                                ; --            ; TOP_LEVEL   ; Top            ;
; POWER_BOARD_THERMAL_MODEL           ; None (CONSERVATIVE)                   ; --            ; --          ; --             ;
; POWER_PRESET_COOLING_SOLUTION       ; 23 MM HEAT SINK WITH 200 LFPM AIRFLOW ; --            ; --          ; --             ;
; PROJECT_OUTPUT_DIRECTORY            ; output_files                          ; --            ; --          ; --             ;
; TOP_LEVEL_ENTITY                    ; TOP_LEVEL                             ; 201553245ass2 ; --          ; --             ;
+-------------------------------------+---------------------------------------+---------------+-------------+----------------+


+-------------------------------------------------------------------------------------------------------------------------------+
; Flow Elapsed Time                                                                                                             ;
+---------------------------+--------------+-------------------------+---------------------+------------------------------------+
; Module Name               ; Elapsed Time ; Average Processors Used ; Peak Virtual Memory ; Total CPU Time (on all processors) ;
+---------------------------+--------------+-------------------------+---------------------+------------------------------------+
; Analysis & Synthesis      ; 00:00:08     ; 1.0                     ; 533 MB              ; 00:00:08                           ;
; Fitter                    ; 00:00:07     ; 1.0                     ; 661 MB              ; 00:00:08                           ;
; Assembler                 ; 00:00:02     ; 1.0                     ; 450 MB              ; 00:00:02                           ;
; TimeQuest Timing Analyzer ; 00:00:02     ; 1.0                     ; 471 MB              ; 00:00:02                           ;
; EDA Netlist Writer        ; 00:00:02     ; 1.0                     ; 410 MB              ; 00:00:01                           ;
; Total                     ; 00:00:21     ; --                      ; --                  ; 00:00:21                           ;
+---------------------------+--------------+-------------------------+---------------------+------------------------------------+


+----------------------------------------------------------------------------------------+
; Flow OS Summary                                                                        ;
+---------------------------+------------------+-----------+------------+----------------+
; Module Name               ; Machine Hostname ; OS Name   ; OS Version ; Processor type ;
+---------------------------+------------------+-----------+------------+----------------+
; Analysis & Synthesis      ; המחשבשלקובי      ; Windows 7 ; 6.2        ; x86_64         ;
; Fitter                    ; המחשבשלקובי      ; Windows 7 ; 6.2        ; x86_64         ;
; Assembler                 ; המחשבשלקובי      ; Windows 7 ; 6.2        ; x86_64         ;
; TimeQuest Timing Analyzer ; המחשבשלקובי      ; Windows 7 ; 6.2        ; x86_64         ;
; EDA Netlist Writer        ; המחשבשלקובי      ; Windows 7 ; 6.2        ; x86_64         ;
+---------------------------+------------------+-----------+------------+----------------+


------------
; Flow Log ;
------------
quartus_map --read_settings_files=on --write_settings_files=off 201553245ass2 -c 201553245ass2
quartus_fit --read_settings_files=off --write_settings_files=off 201553245ass2 -c 201553245ass2
quartus_asm --read_settings_files=off --write_settings_files=off 201553245ass2 -c 201553245ass2
quartus_sta 201553245ass2 -c 201553245ass2
quartus_eda --read_settings_files=off --write_settings_files=off 201553245ass2 -c 201553245ass2



